{"C:\\Users\\Renato\\clean-node-api\\src\\domain\\usecases\\auth-usecase.js": {"path":"C:\\Users\\Renato\\clean-node-api\\src\\domain\\usecases\\auth-usecase.js","all":false,"statementMap":{"0":{"start":{"line":1,"column":0},"end":{"line":1,"column":59}},"1":{"start":{"line":2,"column":0},"end":{"line":2,"column":0}},"2":{"start":{"line":3,"column":0},"end":{"line":3,"column":36}},"3":{"start":{"line":4,"column":0},"end":{"line":4,"column":108}},"4":{"start":{"line":5,"column":0},"end":{"line":5,"column":62}},"5":{"start":{"line":6,"column":0},"end":{"line":6,"column":66}},"6":{"start":{"line":7,"column":0},"end":{"line":7,"column":30}},"7":{"start":{"line":8,"column":0},"end":{"line":8,"column":40}},"8":{"start":{"line":9,"column":0},"end":{"line":9,"column":3}},"9":{"start":{"line":10,"column":0},"end":{"line":10,"column":0}},"10":{"start":{"line":11,"column":0},"end":{"line":11,"column":32}},"11":{"start":{"line":12,"column":0},"end":{"line":12,"column":17}},"12":{"start":{"line":13,"column":0},"end":{"line":13,"column":42}},"13":{"start":{"line":14,"column":0},"end":{"line":14,"column":5}},"14":{"start":{"line":15,"column":0},"end":{"line":15,"column":20}},"15":{"start":{"line":16,"column":0},"end":{"line":16,"column":45}},"16":{"start":{"line":17,"column":0},"end":{"line":17,"column":5}},"17":{"start":{"line":18,"column":0},"end":{"line":18,"column":65}},"18":{"start":{"line":19,"column":0},"end":{"line":19,"column":81}},"19":{"start":{"line":20,"column":0},"end":{"line":20,"column":18}},"20":{"start":{"line":21,"column":0},"end":{"line":21,"column":70}},"21":{"start":{"line":22,"column":0},"end":{"line":22,"column":74}},"22":{"start":{"line":23,"column":0},"end":{"line":23,"column":24}},"23":{"start":{"line":24,"column":0},"end":{"line":24,"column":5}},"24":{"start":{"line":25,"column":0},"end":{"line":25,"column":15}},"25":{"start":{"line":26,"column":0},"end":{"line":26,"column":3}},"26":{"start":{"line":27,"column":0},"end":{"line":27,"column":1}}},"s":{"0":1,"1":1,"2":1,"3":1,"4":1,"5":1,"6":1,"7":1,"8":1,"9":1,"10":1,"11":22,"12":1,"13":1,"14":22,"15":1,"16":1,"17":20,"18":22,"19":22,"20":11,"21":8,"22":5,"23":5,"24":2,"25":2,"26":1},"branchMap":{"0":{"type":"branch","line":4,"loc":{"start":{"line":4,"column":2},"end":{"line":9,"column":3}},"locations":[{"start":{"line":4,"column":2},"end":{"line":9,"column":3}}]},"1":{"type":"branch","line":11,"loc":{"start":{"line":11,"column":2},"end":{"line":26,"column":3}},"locations":[{"start":{"line":11,"column":2},"end":{"line":26,"column":3}}]},"2":{"type":"branch","line":12,"loc":{"start":{"line":12,"column":16},"end":{"line":14,"column":5}},"locations":[{"start":{"line":12,"column":16},"end":{"line":14,"column":5}}]},"3":{"type":"branch","line":14,"loc":{"start":{"line":14,"column":4},"end":{"line":15,"column":19}},"locations":[{"start":{"line":14,"column":4},"end":{"line":15,"column":19}}]},"4":{"type":"branch","line":15,"loc":{"start":{"line":15,"column":19},"end":{"line":17,"column":5}},"locations":[{"start":{"line":15,"column":19},"end":{"line":17,"column":5}}]},"5":{"type":"branch","line":17,"loc":{"start":{"line":17,"column":4},"end":{"line":18,"column":65}},"locations":[{"start":{"line":17,"column":4},"end":{"line":18,"column":65}}]},"6":{"type":"branch","line":19,"loc":{"start":{"line":19,"column":-2},"end":{"line":19,"column":28}},"locations":[{"start":{"line":19,"column":-2},"end":{"line":19,"column":28}}]},"7":{"type":"branch","line":19,"loc":{"start":{"line":19,"column":24},"end":{"line":19,"column":81}},"locations":[{"start":{"line":19,"column":24},"end":{"line":19,"column":81}}]},"8":{"type":"branch","line":20,"loc":{"start":{"line":20,"column":17},"end":{"line":24,"column":5}},"locations":[{"start":{"line":20,"column":17},"end":{"line":24,"column":5}}]},"9":{"type":"branch","line":22,"loc":{"start":{"line":22,"column":-2},"end":{"line":22,"column":74}},"locations":[{"start":{"line":22,"column":-2},"end":{"line":22,"column":74}}]},"10":{"type":"branch","line":23,"loc":{"start":{"line":23,"column":-2},"end":{"line":24,"column":5}},"locations":[{"start":{"line":23,"column":-2},"end":{"line":24,"column":5}}]},"11":{"type":"branch","line":24,"loc":{"start":{"line":24,"column":4},"end":{"line":26,"column":3}},"locations":[{"start":{"line":24,"column":4},"end":{"line":26,"column":3}}]}},"b":{"0":[1],"1":[22],"2":[1],"3":[21],"4":[1],"5":[20],"6":[16],"7":[15],"8":[11],"9":[8],"10":[5],"11":[2]},"fnMap":{"0":{"name":"AuthUseCase","decl":{"start":{"line":4,"column":2},"end":{"line":9,"column":3}},"loc":{"start":{"line":4,"column":2},"end":{"line":9,"column":3}},"line":4},"1":{"name":"auth","decl":{"start":{"line":11,"column":2},"end":{"line":26,"column":3}},"loc":{"start":{"line":11,"column":2},"end":{"line":26,"column":3}},"line":11}},"f":{"0":1,"1":22}}
,"C:\\Users\\Renato\\clean-node-api\\src\\infra\\helpers\\mongo-helper.js": {"path":"C:\\Users\\Renato\\clean-node-api\\src\\infra\\helpers\\mongo-helper.js","all":false,"statementMap":{"0":{"start":{"line":1,"column":0},"end":{"line":1,"column":42}},"1":{"start":{"line":2,"column":0},"end":{"line":2,"column":0}},"2":{"start":{"line":3,"column":0},"end":{"line":3,"column":18}},"3":{"start":{"line":4,"column":0},"end":{"line":4,"column":23}},"4":{"start":{"line":5,"column":0},"end":{"line":5,"column":18}},"5":{"start":{"line":6,"column":0},"end":{"line":6,"column":50}},"6":{"start":{"line":7,"column":0},"end":{"line":7,"column":28}},"7":{"start":{"line":8,"column":0},"end":{"line":8,"column":30}},"8":{"start":{"line":9,"column":0},"end":{"line":9,"column":6}},"9":{"start":{"line":10,"column":0},"end":{"line":10,"column":30}},"10":{"start":{"line":11,"column":0},"end":{"line":11,"column":4}},"11":{"start":{"line":12,"column":0},"end":{"line":12,"column":0}},"12":{"start":{"line":13,"column":0},"end":{"line":13,"column":23}},"13":{"start":{"line":14,"column":0},"end":{"line":14,"column":29}},"14":{"start":{"line":15,"column":0},"end":{"line":15,"column":22}},"15":{"start":{"line":16,"column":0},"end":{"line":16,"column":18}},"16":{"start":{"line":17,"column":0},"end":{"line":17,"column":4}},"17":{"start":{"line":18,"column":0},"end":{"line":18,"column":0}},"18":{"start":{"line":19,"column":0},"end":{"line":19,"column":30}},"19":{"start":{"line":20,"column":0},"end":{"line":20,"column":52}},"20":{"start":{"line":21,"column":0},"end":{"line":21,"column":34}},"21":{"start":{"line":22,"column":0},"end":{"line":22,"column":5}},"22":{"start":{"line":23,"column":0},"end":{"line":23,"column":35}},"23":{"start":{"line":24,"column":0},"end":{"line":24,"column":3}},"24":{"start":{"line":25,"column":0},"end":{"line":25,"column":1}}},"s":{"0":1,"1":1,"2":1,"3":1,"4":1,"5":1,"6":1,"7":1,"8":1,"9":1,"10":1,"11":1,"12":1,"13":1,"14":1,"15":1,"16":1,"17":1,"18":1,"19":1,"20":0,"21":0,"22":0,"23":0,"24":1},"branchMap":{"0":{"type":"branch","line":4,"loc":{"start":{"line":4,"column":2},"end":{"line":11,"column":3}},"locations":[{"start":{"line":4,"column":2},"end":{"line":11,"column":3}}]},"1":{"type":"branch","line":13,"loc":{"start":{"line":13,"column":2},"end":{"line":17,"column":3}},"locations":[{"start":{"line":13,"column":2},"end":{"line":17,"column":3}}]},"2":{"type":"branch","line":19,"loc":{"start":{"line":19,"column":2},"end":{"line":24,"column":3}},"locations":[{"start":{"line":19,"column":2},"end":{"line":24,"column":3}}]},"3":{"type":"branch","line":20,"loc":{"start":{"line":20,"column":51},"end":{"line":24,"column":3}},"locations":[{"start":{"line":20,"column":51},"end":{"line":24,"column":3}}]}},"b":{"0":[1],"1":[1],"2":[1],"3":[0]},"fnMap":{"0":{"name":"connect","decl":{"start":{"line":4,"column":2},"end":{"line":11,"column":3}},"loc":{"start":{"line":4,"column":2},"end":{"line":11,"column":3}},"line":4},"1":{"name":"disconnect","decl":{"start":{"line":13,"column":2},"end":{"line":17,"column":3}},"loc":{"start":{"line":13,"column":2},"end":{"line":17,"column":3}},"line":13},"2":{"name":"getCollection","decl":{"start":{"line":19,"column":2},"end":{"line":24,"column":3}},"loc":{"start":{"line":19,"column":2},"end":{"line":24,"column":3}},"line":19}},"f":{"0":1,"1":1,"2":1}}
,"C:\\Users\\Renato\\clean-node-api\\src\\infra\\repositories\\load-user-by-email-repository.js": {"path":"C:\\Users\\Renato\\clean-node-api\\src\\infra\\repositories\\load-user-by-email-repository.js","all":false,"statementMap":{"0":{"start":{"line":1,"column":0},"end":{"line":1,"column":75}},"1":{"start":{"line":2,"column":0},"end":{"line":2,"column":54}},"2":{"start":{"line":3,"column":0},"end":{"line":3,"column":50}},"3":{"start":{"line":4,"column":0},"end":{"line":4,"column":22}},"4":{"start":{"line":5,"column":0},"end":{"line":5,"column":17}},"5":{"start":{"line":6,"column":0},"end":{"line":6,"column":42}},"6":{"start":{"line":7,"column":0},"end":{"line":7,"column":5}},"7":{"start":{"line":8,"column":0},"end":{"line":8,"column":62}},"8":{"start":{"line":9,"column":0},"end":{"line":9,"column":62}},"9":{"start":{"line":10,"column":0},"end":{"line":10,"column":11}},"10":{"start":{"line":11,"column":0},"end":{"line":11,"column":8}},"11":{"start":{"line":12,"column":0},"end":{"line":12,"column":19}},"12":{"start":{"line":13,"column":0},"end":{"line":13,"column":19}},"13":{"start":{"line":14,"column":0},"end":{"line":14,"column":7}},"14":{"start":{"line":15,"column":0},"end":{"line":15,"column":6}},"15":{"start":{"line":16,"column":0},"end":{"line":16,"column":15}},"16":{"start":{"line":17,"column":0},"end":{"line":17,"column":3}},"17":{"start":{"line":18,"column":0},"end":{"line":18,"column":1}}},"s":{"0":1,"1":1,"2":1,"3":1,"4":0,"5":0,"6":0,"7":0,"8":0,"9":0,"10":0,"11":0,"12":0,"13":0,"14":0,"15":0,"16":0,"17":1},"branchMap":{},"b":{},"fnMap":{"0":{"name":"load","decl":{"start":{"line":4,"column":2},"end":{"line":17,"column":3}},"loc":{"start":{"line":4,"column":2},"end":{"line":17,"column":3}},"line":4}},"f":{"0":0}}
,"C:\\Users\\Renato\\clean-node-api\\src\\infra\\repositories\\update-access-token-repository.js": {"path":"C:\\Users\\Renato\\clean-node-api\\src\\infra\\repositories\\update-access-token-repository.js","all":false,"statementMap":{"0":{"start":{"line":1,"column":0},"end":{"line":1,"column":75}},"1":{"start":{"line":2,"column":0},"end":{"line":2,"column":54}},"2":{"start":{"line":3,"column":0},"end":{"line":3,"column":0}},"3":{"start":{"line":4,"column":0},"end":{"line":4,"column":52}},"4":{"start":{"line":5,"column":0},"end":{"line":5,"column":38}},"5":{"start":{"line":6,"column":0},"end":{"line":6,"column":18}},"6":{"start":{"line":7,"column":0},"end":{"line":7,"column":43}},"7":{"start":{"line":8,"column":0},"end":{"line":8,"column":5}},"8":{"start":{"line":9,"column":0},"end":{"line":9,"column":23}},"9":{"start":{"line":10,"column":0},"end":{"line":10,"column":48}},"10":{"start":{"line":11,"column":0},"end":{"line":11,"column":5}},"11":{"start":{"line":12,"column":0},"end":{"line":12,"column":62}},"12":{"start":{"line":13,"column":0},"end":{"line":13,"column":31}},"13":{"start":{"line":14,"column":0},"end":{"line":14,"column":17}},"14":{"start":{"line":15,"column":0},"end":{"line":15,"column":8}},"15":{"start":{"line":16,"column":0},"end":{"line":16,"column":13}},"16":{"start":{"line":17,"column":0},"end":{"line":17,"column":19}},"17":{"start":{"line":18,"column":0},"end":{"line":18,"column":7}},"18":{"start":{"line":19,"column":0},"end":{"line":19,"column":6}},"19":{"start":{"line":20,"column":0},"end":{"line":20,"column":3}},"20":{"start":{"line":21,"column":0},"end":{"line":21,"column":1}}},"s":{"0":1,"1":1,"2":1,"3":1,"4":1,"5":0,"6":0,"7":0,"8":0,"9":0,"10":0,"11":0,"12":0,"13":0,"14":0,"15":0,"16":0,"17":0,"18":0,"19":0,"20":1},"branchMap":{},"b":{},"fnMap":{"0":{"name":"update","decl":{"start":{"line":5,"column":2},"end":{"line":20,"column":3}},"loc":{"start":{"line":5,"column":2},"end":{"line":20,"column":3}},"line":5}},"f":{"0":0}}
,"C:\\Users\\Renato\\clean-node-api\\src\\presentation\\errors\\index.js": {"path":"C:\\Users\\Renato\\clean-node-api\\src\\presentation\\errors\\index.js","all":false,"statementMap":{"0":{"start":{"line":1,"column":0},"end":{"line":1,"column":45}},"1":{"start":{"line":2,"column":0},"end":{"line":2,"column":57}},"2":{"start":{"line":3,"column":0},"end":{"line":3,"column":0}},"3":{"start":{"line":4,"column":0},"end":{"line":4,"column":18}},"4":{"start":{"line":5,"column":0},"end":{"line":5,"column":14}},"5":{"start":{"line":6,"column":0},"end":{"line":6,"column":19}},"6":{"start":{"line":7,"column":0},"end":{"line":7,"column":1}}},"s":{"0":1,"1":1,"2":1,"3":1,"4":1,"5":1,"6":1},"branchMap":{},"b":{},"fnMap":{},"f":{}}
,"C:\\Users\\Renato\\clean-node-api\\src\\presentation\\errors\\server-error.js": {"path":"C:\\Users\\Renato\\clean-node-api\\src\\presentation\\errors\\server-error.js","all":false,"statementMap":{"0":{"start":{"line":1,"column":0},"end":{"line":1,"column":50}},"1":{"start":{"line":2,"column":0},"end":{"line":2,"column":27}},"2":{"start":{"line":3,"column":0},"end":{"line":3,"column":27}},"3":{"start":{"line":4,"column":0},"end":{"line":4,"column":29}},"4":{"start":{"line":5,"column":0},"end":{"line":5,"column":3}},"5":{"start":{"line":6,"column":0},"end":{"line":6,"column":1}}},"s":{"0":1,"1":1,"2":10,"3":10,"4":10,"5":1},"branchMap":{"0":{"type":"branch","line":2,"loc":{"start":{"line":2,"column":2},"end":{"line":5,"column":3}},"locations":[{"start":{"line":2,"column":2},"end":{"line":5,"column":3}}]}},"b":{"0":[10]},"fnMap":{"0":{"name":"ServerError","decl":{"start":{"line":2,"column":2},"end":{"line":5,"column":3}},"loc":{"start":{"line":2,"column":2},"end":{"line":5,"column":3}},"line":2}},"f":{"0":10}}
,"C:\\Users\\Renato\\clean-node-api\\src\\presentation\\errors\\unauthorized-error.js": {"path":"C:\\Users\\Renato\\clean-node-api\\src\\presentation\\errors\\unauthorized-error.js","all":false,"statementMap":{"0":{"start":{"line":1,"column":0},"end":{"line":1,"column":56}},"1":{"start":{"line":2,"column":0},"end":{"line":2,"column":27}},"2":{"start":{"line":3,"column":0},"end":{"line":3,"column":25}},"3":{"start":{"line":4,"column":0},"end":{"line":4,"column":35}},"4":{"start":{"line":5,"column":0},"end":{"line":5,"column":3}},"5":{"start":{"line":6,"column":0},"end":{"line":6,"column":1}}},"s":{"0":1,"1":1,"2":4,"3":4,"4":4,"5":1},"branchMap":{"0":{"type":"branch","line":2,"loc":{"start":{"line":2,"column":2},"end":{"line":5,"column":3}},"locations":[{"start":{"line":2,"column":2},"end":{"line":5,"column":3}}]}},"b":{"0":[4]},"fnMap":{"0":{"name":"UnauthorizedError","decl":{"start":{"line":2,"column":2},"end":{"line":5,"column":3}},"loc":{"start":{"line":2,"column":2},"end":{"line":5,"column":3}},"line":2}},"f":{"0":4}}
,"C:\\Users\\Renato\\clean-node-api\\src\\presentation\\helpers\\http-response.js": {"path":"C:\\Users\\Renato\\clean-node-api\\src\\presentation\\helpers\\http-response.js","all":false,"statementMap":{"0":{"start":{"line":1,"column":0},"end":{"line":1,"column":63}},"1":{"start":{"line":2,"column":0},"end":{"line":2,"column":0}},"2":{"start":{"line":3,"column":0},"end":{"line":3,"column":37}},"3":{"start":{"line":4,"column":0},"end":{"line":4,"column":21}},"4":{"start":{"line":5,"column":0},"end":{"line":5,"column":12}},"5":{"start":{"line":6,"column":0},"end":{"line":6,"column":22}},"6":{"start":{"line":7,"column":0},"end":{"line":7,"column":13}},"7":{"start":{"line":8,"column":0},"end":{"line":8,"column":28}},"8":{"start":{"line":9,"column":0},"end":{"line":9,"column":7}},"9":{"start":{"line":10,"column":0},"end":{"line":10,"column":5}},"10":{"start":{"line":11,"column":0},"end":{"line":11,"column":3}},"11":{"start":{"line":12,"column":0},"end":{"line":12,"column":0}},"12":{"start":{"line":13,"column":0},"end":{"line":13,"column":29}},"13":{"start":{"line":14,"column":0},"end":{"line":14,"column":12}},"14":{"start":{"line":15,"column":0},"end":{"line":15,"column":22}},"15":{"start":{"line":16,"column":0},"end":{"line":16,"column":13}},"16":{"start":{"line":17,"column":0},"end":{"line":17,"column":28}},"17":{"start":{"line":18,"column":0},"end":{"line":18,"column":7}},"18":{"start":{"line":19,"column":0},"end":{"line":19,"column":5}},"19":{"start":{"line":20,"column":0},"end":{"line":20,"column":3}},"20":{"start":{"line":21,"column":0},"end":{"line":21,"column":0}},"21":{"start":{"line":22,"column":0},"end":{"line":22,"column":31}},"22":{"start":{"line":23,"column":0},"end":{"line":23,"column":12}},"23":{"start":{"line":24,"column":0},"end":{"line":24,"column":22}},"24":{"start":{"line":25,"column":0},"end":{"line":25,"column":13}},"25":{"start":{"line":26,"column":0},"end":{"line":26,"column":46}},"26":{"start":{"line":27,"column":0},"end":{"line":27,"column":7}},"27":{"start":{"line":28,"column":0},"end":{"line":28,"column":5}},"28":{"start":{"line":29,"column":0},"end":{"line":29,"column":3}},"29":{"start":{"line":30,"column":0},"end":{"line":30,"column":0}},"30":{"start":{"line":31,"column":0},"end":{"line":31,"column":25}},"31":{"start":{"line":32,"column":0},"end":{"line":32,"column":12}},"32":{"start":{"line":33,"column":0},"end":{"line":33,"column":22}},"33":{"start":{"line":34,"column":0},"end":{"line":34,"column":13}},"34":{"start":{"line":35,"column":0},"end":{"line":35,"column":40}},"35":{"start":{"line":36,"column":0},"end":{"line":36,"column":7}},"36":{"start":{"line":37,"column":0},"end":{"line":37,"column":5}},"37":{"start":{"line":38,"column":0},"end":{"line":38,"column":3}},"38":{"start":{"line":39,"column":0},"end":{"line":39,"column":1}}},"s":{"0":1,"1":1,"2":1,"3":1,"4":0,"5":0,"6":0,"7":0,"8":0,"9":0,"10":0,"11":1,"12":1,"13":3,"14":3,"15":3,"16":3,"17":3,"18":3,"19":3,"20":1,"21":1,"22":3,"23":3,"24":3,"25":3,"26":3,"27":3,"28":3,"29":1,"30":1,"31":5,"32":5,"33":5,"34":5,"35":5,"36":5,"37":5,"38":1},"branchMap":{"0":{"type":"branch","line":13,"loc":{"start":{"line":13,"column":9},"end":{"line":20,"column":3}},"locations":[{"start":{"line":13,"column":9},"end":{"line":20,"column":3}}]},"1":{"type":"branch","line":22,"loc":{"start":{"line":22,"column":9},"end":{"line":29,"column":3}},"locations":[{"start":{"line":22,"column":9},"end":{"line":29,"column":3}}]},"2":{"type":"branch","line":31,"loc":{"start":{"line":31,"column":9},"end":{"line":38,"column":3}},"locations":[{"start":{"line":31,"column":9},"end":{"line":38,"column":3}}]}},"b":{"0":[3],"1":[3],"2":[5]},"fnMap":{"0":{"name":"ok","decl":{"start":{"line":4,"column":9},"end":{"line":11,"column":3}},"loc":{"start":{"line":4,"column":9},"end":{"line":11,"column":3}},"line":4},"1":{"name":"badRequest","decl":{"start":{"line":13,"column":9},"end":{"line":20,"column":3}},"loc":{"start":{"line":13,"column":9},"end":{"line":20,"column":3}},"line":13},"2":{"name":"unauthorizedError","decl":{"start":{"line":22,"column":9},"end":{"line":29,"column":3}},"loc":{"start":{"line":22,"column":9},"end":{"line":29,"column":3}},"line":22},"3":{"name":"serverError","decl":{"start":{"line":31,"column":9},"end":{"line":38,"column":3}},"loc":{"start":{"line":31,"column":9},"end":{"line":38,"column":3}},"line":31}},"f":{"0":0,"1":3,"2":3,"3":5}}
,"C:\\Users\\Renato\\clean-node-api\\src\\presentation\\routers\\login-router.js": {"path":"C:\\Users\\Renato\\clean-node-api\\src\\presentation\\routers\\login-router.js","all":false,"statementMap":{"0":{"start":{"line":1,"column":0},"end":{"line":1,"column":56}},"1":{"start":{"line":2,"column":0},"end":{"line":2,"column":78}},"2":{"start":{"line":3,"column":0},"end":{"line":3,"column":0}},"3":{"start":{"line":4,"column":0},"end":{"line":4,"column":36}},"4":{"start":{"line":5,"column":0},"end":{"line":5,"column":54}},"5":{"start":{"line":6,"column":0},"end":{"line":6,"column":34}},"6":{"start":{"line":7,"column":0},"end":{"line":7,"column":40}},"7":{"start":{"line":8,"column":0},"end":{"line":8,"column":3}},"8":{"start":{"line":9,"column":0},"end":{"line":9,"column":0}},"9":{"start":{"line":10,"column":0},"end":{"line":10,"column":29}},"10":{"start":{"line":11,"column":0},"end":{"line":11,"column":9}},"11":{"start":{"line":12,"column":0},"end":{"line":12,"column":50}},"12":{"start":{"line":13,"column":0},"end":{"line":13,"column":19}},"13":{"start":{"line":14,"column":0},"end":{"line":14,"column":70}},"14":{"start":{"line":15,"column":0},"end":{"line":15,"column":7}},"15":{"start":{"line":16,"column":0},"end":{"line":16,"column":48}},"16":{"start":{"line":17,"column":0},"end":{"line":17,"column":70}},"17":{"start":{"line":18,"column":0},"end":{"line":18,"column":7}},"18":{"start":{"line":19,"column":0},"end":{"line":19,"column":22}},"19":{"start":{"line":20,"column":0},"end":{"line":20,"column":73}},"20":{"start":{"line":21,"column":0},"end":{"line":21,"column":7}},"21":{"start":{"line":22,"column":0},"end":{"line":22,"column":70}},"22":{"start":{"line":23,"column":0},"end":{"line":23,"column":25}},"23":{"start":{"line":24,"column":0},"end":{"line":24,"column":47}},"24":{"start":{"line":25,"column":0},"end":{"line":25,"column":7}},"25":{"start":{"line":26,"column":0},"end":{"line":26,"column":45}},"26":{"start":{"line":27,"column":0},"end":{"line":27,"column":21}},"27":{"start":{"line":28,"column":0},"end":{"line":28,"column":39}},"28":{"start":{"line":29,"column":0},"end":{"line":29,"column":5}},"29":{"start":{"line":30,"column":0},"end":{"line":30,"column":3}},"30":{"start":{"line":31,"column":0},"end":{"line":31,"column":1}}},"s":{"0":1,"1":1,"2":1,"3":1,"4":1,"5":1,"6":1,"7":1,"8":1,"9":1,"10":11,"11":11,"12":11,"13":1,"14":1,"15":11,"16":1,"17":1,"18":11,"19":1,"20":1,"21":3,"22":3,"23":3,"24":3,"25":0,"26":11,"27":5,"28":5,"29":11,"30":1},"branchMap":{"0":{"type":"branch","line":5,"loc":{"start":{"line":5,"column":2},"end":{"line":8,"column":3}},"locations":[{"start":{"line":5,"column":2},"end":{"line":8,"column":3}}]},"1":{"type":"branch","line":10,"loc":{"start":{"line":10,"column":2},"end":{"line":30,"column":3}},"locations":[{"start":{"line":10,"column":2},"end":{"line":30,"column":3}}]},"2":{"type":"branch","line":13,"loc":{"start":{"line":13,"column":18},"end":{"line":15,"column":7}},"locations":[{"start":{"line":13,"column":18},"end":{"line":15,"column":7}}]},"3":{"type":"branch","line":15,"loc":{"start":{"line":15,"column":6},"end":{"line":16,"column":47}},"locations":[{"start":{"line":15,"column":6},"end":{"line":16,"column":47}}]},"4":{"type":"branch","line":16,"loc":{"start":{"line":16,"column":47},"end":{"line":18,"column":7}},"locations":[{"start":{"line":16,"column":47},"end":{"line":18,"column":7}}]},"5":{"type":"branch","line":18,"loc":{"start":{"line":18,"column":6},"end":{"line":19,"column":21}},"locations":[{"start":{"line":18,"column":6},"end":{"line":19,"column":21}}]},"6":{"type":"branch","line":19,"loc":{"start":{"line":19,"column":21},"end":{"line":21,"column":7}},"locations":[{"start":{"line":19,"column":21},"end":{"line":21,"column":7}}]},"7":{"type":"branch","line":21,"loc":{"start":{"line":21,"column":6},"end":{"line":25,"column":7}},"locations":[{"start":{"line":21,"column":6},"end":{"line":25,"column":7}}]},"8":{"type":"branch","line":25,"loc":{"start":{"line":25,"column":6},"end":{"line":27,"column":6}},"locations":[{"start":{"line":25,"column":6},"end":{"line":27,"column":6}}]},"9":{"type":"branch","line":27,"loc":{"start":{"line":27,"column":6},"end":{"line":29,"column":5}},"locations":[{"start":{"line":27,"column":6},"end":{"line":29,"column":5}}]}},"b":{"0":[1],"1":[11],"2":[1],"3":[8],"4":[1],"5":[4],"6":[1],"7":[3],"8":[0],"9":[5]},"fnMap":{"0":{"name":"LoginRouter","decl":{"start":{"line":5,"column":2},"end":{"line":8,"column":3}},"loc":{"start":{"line":5,"column":2},"end":{"line":8,"column":3}},"line":5},"1":{"name":"route","decl":{"start":{"line":10,"column":2},"end":{"line":30,"column":3}},"loc":{"start":{"line":10,"column":2},"end":{"line":30,"column":3}},"line":10}},"f":{"0":1,"1":11}}
,"C:\\Users\\Renato\\clean-node-api\\src\\utils\\errors\\index.js": {"path":"C:\\Users\\Renato\\clean-node-api\\src\\utils\\errors\\index.js","all":false,"statementMap":{"0":{"start":{"line":1,"column":0},"end":{"line":1,"column":58}},"1":{"start":{"line":2,"column":0},"end":{"line":2,"column":58}},"2":{"start":{"line":3,"column":0},"end":{"line":3,"column":0}},"3":{"start":{"line":4,"column":0},"end":{"line":4,"column":18}},"4":{"start":{"line":5,"column":0},"end":{"line":5,"column":20}},"5":{"start":{"line":6,"column":0},"end":{"line":6,"column":19}},"6":{"start":{"line":7,"column":0},"end":{"line":7,"column":1}}},"s":{"0":1,"1":1,"2":1,"3":1,"4":1,"5":1,"6":1},"branchMap":{},"b":{},"fnMap":{},"f":{}}
,"C:\\Users\\Renato\\clean-node-api\\src\\utils\\errors\\invalid-param-error.js": {"path":"C:\\Users\\Renato\\clean-node-api\\src\\utils\\errors\\invalid-param-error.js","all":false,"statementMap":{"0":{"start":{"line":1,"column":0},"end":{"line":1,"column":56}},"1":{"start":{"line":2,"column":0},"end":{"line":2,"column":27}},"2":{"start":{"line":3,"column":0},"end":{"line":3,"column":40}},"3":{"start":{"line":4,"column":0},"end":{"line":4,"column":35}},"4":{"start":{"line":5,"column":0},"end":{"line":5,"column":3}},"5":{"start":{"line":6,"column":0},"end":{"line":6,"column":1}}},"s":{"0":1,"1":1,"2":2,"3":2,"4":2,"5":1},"branchMap":{"0":{"type":"branch","line":2,"loc":{"start":{"line":2,"column":2},"end":{"line":5,"column":3}},"locations":[{"start":{"line":2,"column":2},"end":{"line":5,"column":3}}]}},"b":{"0":[2]},"fnMap":{"0":{"name":"InvalidParamError","decl":{"start":{"line":2,"column":2},"end":{"line":5,"column":3}},"loc":{"start":{"line":2,"column":2},"end":{"line":5,"column":3}},"line":2}},"f":{"0":2}}
,"C:\\Users\\Renato\\clean-node-api\\src\\utils\\errors\\missing-param-error.js": {"path":"C:\\Users\\Renato\\clean-node-api\\src\\utils\\errors\\missing-param-error.js","all":false,"statementMap":{"0":{"start":{"line":1,"column":0},"end":{"line":1,"column":56}},"1":{"start":{"line":2,"column":0},"end":{"line":2,"column":27}},"2":{"start":{"line":3,"column":0},"end":{"line":3,"column":40}},"3":{"start":{"line":4,"column":0},"end":{"line":4,"column":35}},"4":{"start":{"line":5,"column":0},"end":{"line":5,"column":3}},"5":{"start":{"line":6,"column":0},"end":{"line":6,"column":1}}},"s":{"0":1,"1":1,"2":4,"3":4,"4":4,"5":1},"branchMap":{"0":{"type":"branch","line":2,"loc":{"start":{"line":2,"column":2},"end":{"line":5,"column":3}},"locations":[{"start":{"line":2,"column":2},"end":{"line":5,"column":3}}]}},"b":{"0":[4]},"fnMap":{"0":{"name":"MissingParamError","decl":{"start":{"line":2,"column":2},"end":{"line":5,"column":3}},"loc":{"start":{"line":2,"column":2},"end":{"line":5,"column":3}},"line":2}},"f":{"0":4}}
,"C:\\Users\\Renato\\clean-node-api\\src\\utils\\helpers\\email-validator.js": {"path":"C:\\Users\\Renato\\clean-node-api\\src\\utils\\helpers\\email-validator.js","all":false,"statementMap":{"0":{"start":{"line":1,"column":0},"end":{"line":1,"column":38}},"1":{"start":{"line":2,"column":0},"end":{"line":2,"column":66}},"2":{"start":{"line":3,"column":0},"end":{"line":3,"column":0}},"3":{"start":{"line":4,"column":0},"end":{"line":4,"column":39}},"4":{"start":{"line":5,"column":0},"end":{"line":5,"column":19}},"5":{"start":{"line":6,"column":0},"end":{"line":6,"column":17}},"6":{"start":{"line":7,"column":0},"end":{"line":7,"column":42}},"7":{"start":{"line":8,"column":0},"end":{"line":8,"column":5}},"8":{"start":{"line":9,"column":0},"end":{"line":9,"column":35}},"9":{"start":{"line":10,"column":0},"end":{"line":10,"column":3}},"10":{"start":{"line":11,"column":0},"end":{"line":11,"column":1}}},"s":{"0":1,"1":1,"2":1,"3":1,"4":1,"5":4,"6":1,"7":1,"8":3,"9":3,"10":1},"branchMap":{"0":{"type":"branch","line":5,"loc":{"start":{"line":5,"column":2},"end":{"line":10,"column":3}},"locations":[{"start":{"line":5,"column":2},"end":{"line":10,"column":3}}]},"1":{"type":"branch","line":6,"loc":{"start":{"line":6,"column":16},"end":{"line":8,"column":5}},"locations":[{"start":{"line":6,"column":16},"end":{"line":8,"column":5}}]},"2":{"type":"branch","line":8,"loc":{"start":{"line":8,"column":4},"end":{"line":10,"column":3}},"locations":[{"start":{"line":8,"column":4},"end":{"line":10,"column":3}}]}},"b":{"0":[4],"1":[1],"2":[3]},"fnMap":{"0":{"name":"isValid","decl":{"start":{"line":5,"column":2},"end":{"line":10,"column":3}},"loc":{"start":{"line":5,"column":2},"end":{"line":10,"column":3}},"line":5}},"f":{"0":4}}
,"C:\\Users\\Renato\\clean-node-api\\src\\utils\\helpers\\encrypter.js": {"path":"C:\\Users\\Renato\\clean-node-api\\src\\utils\\helpers\\encrypter.js","all":false,"statementMap":{"0":{"start":{"line":1,"column":0},"end":{"line":1,"column":32}},"1":{"start":{"line":2,"column":0},"end":{"line":2,"column":66}},"2":{"start":{"line":3,"column":0},"end":{"line":3,"column":34}},"3":{"start":{"line":4,"column":0},"end":{"line":4,"column":31}},"4":{"start":{"line":5,"column":0},"end":{"line":5,"column":17}},"5":{"start":{"line":6,"column":0},"end":{"line":6,"column":42}},"6":{"start":{"line":7,"column":0},"end":{"line":7,"column":5}},"7":{"start":{"line":8,"column":0},"end":{"line":8,"column":16}},"8":{"start":{"line":9,"column":0},"end":{"line":9,"column":41}},"9":{"start":{"line":10,"column":0},"end":{"line":10,"column":5}},"10":{"start":{"line":11,"column":0},"end":{"line":11,"column":53}},"11":{"start":{"line":12,"column":0},"end":{"line":12,"column":18}},"12":{"start":{"line":13,"column":0},"end":{"line":13,"column":3}},"13":{"start":{"line":14,"column":0},"end":{"line":14,"column":1}}},"s":{"0":1,"1":1,"2":1,"3":1,"4":5,"5":1,"6":1,"7":5,"8":1,"9":1,"10":3,"11":3,"12":3,"13":1},"branchMap":{"0":{"type":"branch","line":4,"loc":{"start":{"line":4,"column":2},"end":{"line":13,"column":3}},"locations":[{"start":{"line":4,"column":2},"end":{"line":13,"column":3}}]},"1":{"type":"branch","line":5,"loc":{"start":{"line":5,"column":16},"end":{"line":7,"column":5}},"locations":[{"start":{"line":5,"column":16},"end":{"line":7,"column":5}}]},"2":{"type":"branch","line":7,"loc":{"start":{"line":7,"column":4},"end":{"line":8,"column":15}},"locations":[{"start":{"line":7,"column":4},"end":{"line":8,"column":15}}]},"3":{"type":"branch","line":8,"loc":{"start":{"line":8,"column":15},"end":{"line":10,"column":5}},"locations":[{"start":{"line":8,"column":15},"end":{"line":10,"column":5}}]},"4":{"type":"branch","line":10,"loc":{"start":{"line":10,"column":4},"end":{"line":13,"column":3}},"locations":[{"start":{"line":10,"column":4},"end":{"line":13,"column":3}}]}},"b":{"0":[5],"1":[1],"2":[4],"3":[1],"4":[3]},"fnMap":{"0":{"name":"compare","decl":{"start":{"line":4,"column":2},"end":{"line":13,"column":3}},"loc":{"start":{"line":4,"column":2},"end":{"line":13,"column":3}},"line":4}},"f":{"0":5}}
,"C:\\Users\\Renato\\clean-node-api\\src\\utils\\helpers\\token-generator.js": {"path":"C:\\Users\\Renato\\clean-node-api\\src\\utils\\helpers\\token-generator.js","all":false,"statementMap":{"0":{"start":{"line":1,"column":0},"end":{"line":1,"column":35}},"1":{"start":{"line":2,"column":0},"end":{"line":2,"column":66}},"2":{"start":{"line":3,"column":0},"end":{"line":3,"column":0}},"3":{"start":{"line":4,"column":0},"end":{"line":4,"column":39}},"4":{"start":{"line":5,"column":0},"end":{"line":5,"column":24}},"5":{"start":{"line":6,"column":0},"end":{"line":6,"column":24}},"6":{"start":{"line":7,"column":0},"end":{"line":7,"column":3}},"7":{"start":{"line":8,"column":0},"end":{"line":8,"column":0}},"8":{"start":{"line":9,"column":0},"end":{"line":9,"column":23}},"9":{"start":{"line":10,"column":0},"end":{"line":10,"column":23}},"10":{"start":{"line":11,"column":0},"end":{"line":11,"column":43}},"11":{"start":{"line":12,"column":0},"end":{"line":12,"column":5}},"12":{"start":{"line":13,"column":0},"end":{"line":13,"column":14}},"13":{"start":{"line":14,"column":0},"end":{"line":14,"column":39}},"14":{"start":{"line":15,"column":0},"end":{"line":15,"column":5}},"15":{"start":{"line":16,"column":0},"end":{"line":16,"column":45}},"16":{"start":{"line":17,"column":0},"end":{"line":17,"column":3}},"17":{"start":{"line":18,"column":0},"end":{"line":18,"column":1}}},"s":{"0":1,"1":1,"2":1,"3":1,"4":1,"5":1,"6":1,"7":1,"8":1,"9":5,"10":1,"11":1,"12":5,"13":1,"14":1,"15":3,"16":3,"17":1},"branchMap":{"0":{"type":"branch","line":5,"loc":{"start":{"line":5,"column":2},"end":{"line":7,"column":3}},"locations":[{"start":{"line":5,"column":2},"end":{"line":7,"column":3}}]},"1":{"type":"branch","line":9,"loc":{"start":{"line":9,"column":2},"end":{"line":17,"column":3}},"locations":[{"start":{"line":9,"column":2},"end":{"line":17,"column":3}}]},"2":{"type":"branch","line":10,"loc":{"start":{"line":10,"column":22},"end":{"line":12,"column":5}},"locations":[{"start":{"line":10,"column":22},"end":{"line":12,"column":5}}]},"3":{"type":"branch","line":12,"loc":{"start":{"line":12,"column":4},"end":{"line":13,"column":13}},"locations":[{"start":{"line":12,"column":4},"end":{"line":13,"column":13}}]},"4":{"type":"branch","line":13,"loc":{"start":{"line":13,"column":13},"end":{"line":15,"column":5}},"locations":[{"start":{"line":13,"column":13},"end":{"line":15,"column":5}}]},"5":{"type":"branch","line":15,"loc":{"start":{"line":15,"column":4},"end":{"line":17,"column":3}},"locations":[{"start":{"line":15,"column":4},"end":{"line":17,"column":3}}]}},"b":{"0":[1],"1":[5],"2":[1],"3":[4],"4":[1],"5":[3]},"fnMap":{"0":{"name":"TokenGenerator","decl":{"start":{"line":5,"column":2},"end":{"line":7,"column":3}},"loc":{"start":{"line":5,"column":2},"end":{"line":7,"column":3}},"line":5},"1":{"name":"generate","decl":{"start":{"line":9,"column":2},"end":{"line":17,"column":3}},"loc":{"start":{"line":9,"column":2},"end":{"line":17,"column":3}},"line":9}},"f":{"0":1,"1":5}}
}
