TN:
SF:src\domain\usecases\auth-usecase.js
FN:4,AuthUseCase
FN:10,auth
FNF:2
FNH:2
FNDA:10,AuthUseCase
FNDA:10,auth
DA:1,1
DA:2,1
DA:3,1
DA:4,1
DA:5,10
DA:6,10
DA:7,10
DA:8,10
DA:9,1
DA:10,1
DA:11,10
DA:12,1
DA:13,1
DA:14,10
DA:15,1
DA:16,1
DA:17,8
DA:18,10
DA:19,1
DA:20,1
DA:21,5
DA:22,10
DA:23,1
DA:24,1
DA:25,4
DA:26,4
DA:27,4
DA:28,1
LF:28
LH:28
BRDA:4,0,0,10
BRDA:10,1,0,10
BRDA:11,2,0,1
BRDA:13,3,0,9
BRDA:14,4,0,1
BRDA:16,5,0,8
BRDA:18,6,0,6
BRDA:18,7,0,1
BRDA:20,8,0,5
BRDA:22,9,0,1
BRDA:24,10,0,4
BRF:11
BRH:11
end_of_record
TN:
SF:src\utils\errors\index.js
FNF:0
FNH:0
DA:1,1
DA:2,1
DA:3,1
DA:4,1
DA:5,1
DA:6,1
DA:7,1
LF:7
LH:7
BRF:0
BRH:0
end_of_record
