TN:
SF:src\domain\usecases\auth-usecase.js
FN:4,AuthUseCase
FN:11,auth
FNF:2
FNH:2
FNDA:1,AuthUseCase
FNDA:22,auth
DA:1,1
DA:2,1
DA:3,1
DA:4,1
DA:5,1
DA:6,1
DA:7,1
DA:8,1
DA:9,1
DA:10,1
DA:11,1
DA:12,22
DA:13,1
DA:14,1
DA:15,22
DA:16,1
DA:17,1
DA:18,20
DA:19,22
DA:20,22
DA:21,11
DA:22,8
DA:23,5
DA:24,5
DA:25,2
DA:26,2
DA:27,1
LF:27
LH:27
BRDA:4,0,0,1
BRDA:11,1,0,22
BRDA:12,2,0,1
BRDA:14,3,0,21
BRDA:15,4,0,1
BRDA:17,5,0,20
BRDA:19,6,0,16
BRDA:19,7,0,15
BRDA:20,8,0,11
BRDA:22,9,0,8
BRDA:23,10,0,5
BRDA:24,11,0,2
BRF:12
BRH:12
end_of_record
TN:
SF:src\infra\helpers\mongo-helper.js
FN:4,connect
FN:13,disconnect
FN:19,getCollection
FNF:3
FNH:3
FNDA:1,connect
FNDA:1,disconnect
FNDA:1,getCollection
DA:1,1
DA:2,1
DA:3,1
DA:4,1
DA:5,1
DA:6,1
DA:7,1
DA:8,1
DA:9,1
DA:10,1
DA:11,1
DA:12,1
DA:13,1
DA:14,1
DA:15,1
DA:16,1
DA:17,1
DA:18,1
DA:19,1
DA:20,1
DA:21,0
DA:22,0
DA:23,0
DA:24,0
DA:25,1
LF:25
LH:21
BRDA:4,0,0,1
BRDA:13,1,0,1
BRDA:19,2,0,1
BRDA:20,3,0,0
BRF:4
BRH:3
end_of_record
TN:
SF:src\infra\repositories\load-user-by-email-repository.js
FN:4,load
FNF:1
FNH:0
FNDA:0,load
DA:1,1
DA:2,1
DA:3,1
DA:4,1
DA:5,0
DA:6,0
DA:7,0
DA:8,0
DA:9,0
DA:10,0
DA:11,0
DA:12,0
DA:13,0
DA:14,0
DA:15,0
DA:16,0
DA:17,0
DA:18,1
LF:18
LH:5
BRF:0
BRH:0
end_of_record
TN:
SF:src\infra\repositories\update-access-token-repository.js
FN:5,update
FNF:1
FNH:0
FNDA:0,update
DA:1,1
DA:2,1
DA:3,1
DA:4,1
DA:5,1
DA:6,0
DA:7,0
DA:8,0
DA:9,0
DA:10,0
DA:11,0
DA:12,0
DA:13,0
DA:14,0
DA:15,0
DA:16,0
DA:17,0
DA:18,0
DA:19,0
DA:20,0
DA:21,1
LF:21
LH:6
BRF:0
BRH:0
end_of_record
TN:
SF:src\presentation\errors\index.js
FNF:0
FNH:0
DA:1,1
DA:2,1
DA:3,1
DA:4,1
DA:5,1
DA:6,1
DA:7,1
LF:7
LH:7
BRF:0
BRH:0
end_of_record
TN:
SF:src\presentation\errors\server-error.js
FN:2,ServerError
FNF:1
FNH:1
FNDA:10,ServerError
DA:1,1
DA:2,1
DA:3,10
DA:4,10
DA:5,10
DA:6,1
LF:6
LH:6
BRDA:2,0,0,10
BRF:1
BRH:1
end_of_record
TN:
SF:src\presentation\errors\unauthorized-error.js
FN:2,UnauthorizedError
FNF:1
FNH:1
FNDA:4,UnauthorizedError
DA:1,1
DA:2,1
DA:3,4
DA:4,4
DA:5,4
DA:6,1
LF:6
LH:6
BRDA:2,0,0,4
BRF:1
BRH:1
end_of_record
TN:
SF:src\presentation\helpers\http-response.js
FN:4,ok
FN:13,badRequest
FN:22,unauthorizedError
FN:31,serverError
FNF:4
FNH:3
FNDA:0,ok
FNDA:3,badRequest
FNDA:3,unauthorizedError
FNDA:5,serverError
DA:1,1
DA:2,1
DA:3,1
DA:4,1
DA:5,0
DA:6,0
DA:7,0
DA:8,0
DA:9,0
DA:10,0
DA:11,0
DA:12,1
DA:13,1
DA:14,3
DA:15,3
DA:16,3
DA:17,3
DA:18,3
DA:19,3
DA:20,3
DA:21,1
DA:22,1
DA:23,3
DA:24,3
DA:25,3
DA:26,3
DA:27,3
DA:28,3
DA:29,3
DA:30,1
DA:31,1
DA:32,5
DA:33,5
DA:34,5
DA:35,5
DA:36,5
DA:37,5
DA:38,5
DA:39,1
LF:39
LH:32
BRDA:13,0,0,3
BRDA:22,1,0,3
BRDA:31,2,0,5
BRF:3
BRH:3
end_of_record
TN:
SF:src\presentation\routers\login-router.js
FN:5,LoginRouter
FN:10,route
FNF:2
FNH:2
FNDA:1,LoginRouter
FNDA:11,route
DA:1,1
DA:2,1
DA:3,1
DA:4,1
DA:5,1
DA:6,1
DA:7,1
DA:8,1
DA:9,1
DA:10,1
DA:11,11
DA:12,11
DA:13,11
DA:14,1
DA:15,1
DA:16,11
DA:17,1
DA:18,1
DA:19,11
DA:20,1
DA:21,1
DA:22,3
DA:23,3
DA:24,3
DA:25,3
DA:26,0
DA:27,11
DA:28,5
DA:29,5
DA:30,11
DA:31,1
LF:31
LH:30
BRDA:5,0,0,1
BRDA:10,1,0,11
BRDA:13,2,0,1
BRDA:15,3,0,8
BRDA:16,4,0,1
BRDA:18,5,0,4
BRDA:19,6,0,1
BRDA:21,7,0,3
BRDA:25,8,0,0
BRDA:27,9,0,5
BRF:10
BRH:9
end_of_record
TN:
SF:src\utils\errors\index.js
FNF:0
FNH:0
DA:1,1
DA:2,1
DA:3,1
DA:4,1
DA:5,1
DA:6,1
DA:7,1
LF:7
LH:7
BRF:0
BRH:0
end_of_record
TN:
SF:src\utils\errors\invalid-param-error.js
FN:2,InvalidParamError
FNF:1
FNH:1
FNDA:2,InvalidParamError
DA:1,1
DA:2,1
DA:3,2
DA:4,2
DA:5,2
DA:6,1
LF:6
LH:6
BRDA:2,0,0,2
BRF:1
BRH:1
end_of_record
TN:
SF:src\utils\errors\missing-param-error.js
FN:2,MissingParamError
FNF:1
FNH:1
FNDA:4,MissingParamError
DA:1,1
DA:2,1
DA:3,4
DA:4,4
DA:5,4
DA:6,1
LF:6
LH:6
BRDA:2,0,0,4
BRF:1
BRH:1
end_of_record
TN:
SF:src\utils\helpers\email-validator.js
FN:5,isValid
FNF:1
FNH:1
FNDA:4,isValid
DA:1,1
DA:2,1
DA:3,1
DA:4,1
DA:5,1
DA:6,4
DA:7,1
DA:8,1
DA:9,3
DA:10,3
DA:11,1
LF:11
LH:11
BRDA:5,0,0,4
BRDA:6,1,0,1
BRDA:8,2,0,3
BRF:3
BRH:3
end_of_record
TN:
SF:src\utils\helpers\encrypter.js
FN:4,compare
FNF:1
FNH:1
FNDA:5,compare
DA:1,1
DA:2,1
DA:3,1
DA:4,1
DA:5,5
DA:6,1
DA:7,1
DA:8,5
DA:9,1
DA:10,1
DA:11,3
DA:12,3
DA:13,3
DA:14,1
LF:14
LH:14
BRDA:4,0,0,5
BRDA:5,1,0,1
BRDA:7,2,0,4
BRDA:8,3,0,1
BRDA:10,4,0,3
BRF:5
BRH:5
end_of_record
TN:
SF:src\utils\helpers\token-generator.js
FN:5,TokenGenerator
FN:9,generate
FNF:2
FNH:2
FNDA:1,TokenGenerator
FNDA:5,generate
DA:1,1
DA:2,1
DA:3,1
DA:4,1
DA:5,1
DA:6,1
DA:7,1
DA:8,1
DA:9,1
DA:10,5
DA:11,1
DA:12,1
DA:13,5
DA:14,1
DA:15,1
DA:16,3
DA:17,3
DA:18,1
LF:18
LH:18
BRDA:5,0,0,1
BRDA:9,1,0,5
BRDA:10,2,0,1
BRDA:12,3,0,4
BRDA:13,4,0,1
BRDA:15,5,0,3
BRF:6
BRH:6
end_of_record
